<?xml version="1.0" encoding="UTF-8" ?>
<testsuite tests="1" failures="1" name="TestSuite" time="66.768" errors="0" skipped="0">
  <properties>
    <property name="java.runtime.name" value="Java(TM) SE Runtime Environment"/>
    <property name="sun.boot.library.path" value="C:\Program Files\Java\jdk1.8.0_151\jre\bin"/>
    <property name="java.vm.version" value="25.151-b12"/>
    <property name="java.vm.vendor" value="Oracle Corporation"/>
    <property name="maven.multiModuleProjectDirectory" value="C:\Users\Ajita.Sahay\QASWorkspace\Ajita_flipkart _bdd\Ajita_flipkart"/>
    <property name="java.vendor.url" value="http://java.oracle.com/"/>
    <property name="path.separator" value=";"/>
    <property name="guice.disable.misplaced.annotation.check" value="true"/>
    <property name="java.vm.name" value="Java HotSpot(TM) 64-Bit Server VM"/>
    <property name="file.encoding.pkg" value="sun.io"/>
    <property name="user.script" value=""/>
    <property name="user.country" value="US"/>
    <property name="sun.java.launcher" value="SUN_STANDARD"/>
    <property name="sun.os.patch.level" value=""/>
    <property name="java.vm.specification.name" value="Java Virtual Machine Specification"/>
    <property name="user.dir" value="C:\Users\Ajita.Sahay\QASWorkspace\Ajita_flipkart _bdd\Ajita_flipkart"/>
    <property name="java.runtime.version" value="1.8.0_151-b12"/>
    <property name="java.awt.graphicsenv" value="sun.awt.Win32GraphicsEnvironment"/>
    <property name="java.endorsed.dirs" value="C:\Program Files\Java\jdk1.8.0_151\jre\lib\endorsed"/>
    <property name="os.arch" value="amd64"/>
    <property name="java.io.tmpdir" value="C:\Users\AJITA~1.SAH\AppData\Local\Temp\"/>
    <property name="line.separator" value="
"/>
    <property name="java.vm.specification.vendor" value="Oracle Corporation"/>
    <property name="user.variant" value=""/>
    <property name="os.name" value="Windows 10"/>
    <property name="classworlds.conf" value="C:\Users\Ajita.Sahay\QASWorkspace\.metadata\.plugins\org.eclipse.m2e.launching\launches\m2conf5833829144370626476.tmp"/>
    <property name="sun.jnu.encoding" value="Cp1252"/>
    <property name="java.library.path" value="C:\Program Files\Java\jdk1.8.0_151\bin;C:\Windows\Sun\Java\bin;C:\Windows\system32;C:\Windows;C:/Program Files/Java/jre1.8.0_151/bin/server;C:/Program Files/Java/jre1.8.0_151/bin;C:/Program Files/Java/jre1.8.0_151/lib/amd64;C:\ProgramData\Oracle\Java\javapath;C:\Windows\system32;C:\Windows;C:\Windows\System32\Wbem;C:\Windows\System32\WindowsPowerShell\v1.0\;C:\Program Files\Intel\WiFi\bin\;C:\Program Files\Common Files\Intel\WirelessCommon\;C:\Program Files\Git\cmd;C:\Program Files\Java\jdk1.8.0_151\bin\;C:\Users\Ajita.Sahay\AppData\Local\Android\Sdk\build-tools\;C:\Users\Ajita.Sahay\AppData\Local\Android\Sdk\platform-tools\;C:\Users\Ajita.Sahay\AppData\Local\Android\Sdk\tools\;C:\Program Files (x86)\Microsoft Emulator Manager\1.0\;C:\Users\Ajita.Sahay\Downloads;;."/>
    <property name="java.specification.name" value="Java Platform API Specification"/>
    <property name="java.class.version" value="52.0"/>
    <property name="sun.management.compiler" value="HotSpot 64-Bit Tiered Compilers"/>
    <property name="os.version" value="10.0"/>
    <property name="user.home" value="C:\Users\Ajita.Sahay"/>
    <property name="user.timezone" value="Asia/Calcutta"/>
    <property name="java.awt.printerjob" value="sun.awt.windows.WPrinterJob"/>
    <property name="java.specification.version" value="1.8"/>
    <property name="file.encoding" value="UTF-8"/>
    <property name="user.name" value="Ajita.Sahay"/>
    <property name="java.class.path" value="C:\Users\Ajita.Sahay\Downloads\apache-maven-3.5.2-bin\apache-maven-3.5.2\boot\plexus-classworlds-2.5.2.jar"/>
    <property name="java.vm.specification.version" value="1.8"/>
    <property name="sun.arch.data.model" value="64"/>
    <property name="java.home" value="C:\Program Files\Java\jdk1.8.0_151\jre"/>
    <property name="sun.java.command" value="org.codehaus.plexus.classworlds.launcher.Launcher -B install"/>
    <property name="java.specification.vendor" value="Oracle Corporation"/>
    <property name="user.language" value="en"/>
    <property name="awt.toolkit" value="sun.awt.windows.WToolkit"/>
    <property name="java.vm.info" value="mixed mode"/>
    <property name="java.version" value="1.8.0_151"/>
    <property name="java.ext.dirs" value="C:\Program Files\Java\jdk1.8.0_151\jre\lib\ext;C:\Windows\Sun\Java\lib\ext"/>
    <property name="sun.boot.class.path" value="C:\Program Files\Java\jdk1.8.0_151\jre\lib\resources.jar;C:\Program Files\Java\jdk1.8.0_151\jre\lib\rt.jar;C:\Program Files\Java\jdk1.8.0_151\jre\lib\sunrsasign.jar;C:\Program Files\Java\jdk1.8.0_151\jre\lib\jsse.jar;C:\Program Files\Java\jdk1.8.0_151\jre\lib\jce.jar;C:\Program Files\Java\jdk1.8.0_151\jre\lib\charsets.jar;C:\Program Files\Java\jdk1.8.0_151\jre\lib\jfr.jar;C:\Program Files\Java\jdk1.8.0_151\jre\classes"/>
    <property name="java.vendor" value="Oracle Corporation"/>
    <property name="maven.home" value="C:\Users\Ajita.Sahay\Downloads\apache-maven-3.5.2-bin\apache-maven-3.5.2"/>
    <property name="file.separator" value="\"/>
    <property name="java.vendor.url.bug" value="http://bugreport.sun.com/bugreport/"/>
    <property name="sun.cpu.endian" value="little"/>
    <property name="sun.io.unicode.encoding" value="UnicodeLittle"/>
    <property name="sun.desktop" value="windows"/>
    <property name="sun.cpu.isalist" value="amd64"/>
  </properties>
  <testcase classname="com.ajita_flipkart.steps.OrderSteps" name="orderSteps" time="65.51">
    <failure message="Timed out after 30 seconds: Wait time out for flipcard assured to be visible
Build info: version: &apos;2.53.0&apos;, revision: &apos;35ae25b1534ae328c771e0856c93e187490ca824&apos;, time: &apos;2016-03-15 10:43:46&apos;
System info: host: &apos;ICPL11467&apos;, ip: &apos;10.11.31.193&apos;, os.name: &apos;Windows 10&apos;, os.arch: &apos;amd64&apos;, os.version: &apos;10.0&apos;, java.version: &apos;1.8.0_151&apos;
Driver info: driver.version: unknown" type="org.openqa.selenium.TimeoutException">org.openqa.selenium.TimeoutException: Timed out after 30 seconds: Wait time out for flipcard assured to be visible
Build info: version: &apos;2.53.0&apos;, revision: &apos;35ae25b1534ae328c771e0856c93e187490ca824&apos;, time: &apos;2016-03-15 10:43:46&apos;
System info: host: &apos;ICPL11467&apos;, ip: &apos;10.11.31.193&apos;, os.name: &apos;Windows 10&apos;, os.arch: &apos;amd64&apos;, os.version: &apos;10.0&apos;, java.version: &apos;1.8.0_151&apos;
Driver info: driver.version: unknown
	at org.openqa.selenium.support.ui.FluentWait.timeoutException(FluentWait.java:292)
	at org.openqa.selenium.support.ui.FluentWait.until(FluentWait.java:261)
	at com.qmetry.qaf.automation.ui.webdriver.QAFExtendedWebElement.waitForVisible(QAFExtendedWebElement.java:475)
	at com.ajita_flipkart.page.ValidateTestPage.verifyFlipkartAssured(ValidateTestPage.java:36)
	at com.ajita_flipkart.steps.OrderSteps.orderSteps(OrderSteps.java:33)
</failure>
    <system-out>[ConfigurationManager] - ISFW build info: {qaf-Type=core, qaf-Revision=12-RC3, qaf-Version=2.1, qaf-Build-Time=06-Aug-2017 11:49:43}
[ConfigurationManager] - Resource dir: C:\Users\Ajita.Sahay\QASWorkspace\Ajita_flipkart _bdd\Ajita_flipkart\resources. Found property files to load: 3
[ConfigurationManager] - Resource dir: C:\Users\Ajita.Sahay\QASWorkspace\Ajita_flipkart _bdd\Ajita_flipkart\resources. Found property files to load: 0
[QAFTestBase] - Initializing Driver...browser_str:chromeDriver,base_url:http://www.flipkart.com,sel_server:localhost,port:4444
[UiDriverFactory] - Driver: chromeDriver
driver init done
[WebDriverCommandLogger] - Executing get parameters: {&quot;url&quot;:&quot;http://www.flipkart.com&quot;}
[WebDriverCommandLogger] - command: get[ param-1: {url=http://www.flipkart.com}] Result: null
[WebDriverCommandLogger] - Executing findElement parameters: {&quot;using&quot;:&quot;xpath&quot;,&quot;value&quot;:&quot;//button[@class=&apos;_2AkmmA _29YdH8&apos;]&quot;}
[WebDriverCommandLogger] - command: findElement[ param-1: {value=//button[@class=&apos;_2AkmmA _29YdH8&apos;], using=xpath}] Result: id: 0.15757187635917203-1
[WebDriverCommandLogger] - Executing isElementDisplayed element: By.xpath: //button[@class=&apos;_2AkmmA _29YdH8&apos;] parameters: {&quot;id&quot;:&quot;0.15757187635917203-1&quot;}
[WebDriverCommandLogger] - command: isElementDisplayed[ param-1: By.xpath: //button[@class=&apos;_2AkmmA _29YdH8&apos;] param-2: {&quot;id&quot;:&quot;0.15757187635917203-1&quot;}] Result: isElementDisplayed:true
[WebDriverCommandLogger] - Executing findElement parameters: {&quot;using&quot;:&quot;xpath&quot;,&quot;value&quot;:&quot;//button[@class=&apos;_2AkmmA _29YdH8&apos;]&quot;}
[WebDriverCommandLogger] - command: findElement[ param-1: {value=//button[@class=&apos;_2AkmmA _29YdH8&apos;], using=xpath}] Result: id: 0.15757187635917203-1
[WebDriverCommandLogger] - Executing clickElement element: By.xpath: //button[@class=&apos;_2AkmmA _29YdH8&apos;] parameters: {&quot;id&quot;:&quot;0.15757187635917203-1&quot;}
[WebDriverCommandLogger] - command: clickElement[ param-1: By.xpath: //button[@class=&apos;_2AkmmA _29YdH8&apos;] param-2: {&quot;id&quot;:&quot;0.15757187635917203-1&quot;}] Result: clickElement:null
[WebDriverCommandLogger] - Executing findElement parameters: {&quot;using&quot;:&quot;xpath&quot;,&quot;value&quot;:&quot;//a[@title=&apos;Women&apos;]&quot;}
[WebDriverCommandLogger] - command: findElement[ param-1: {value=//a[@title=&apos;Women&apos;], using=xpath}] Result: id: 0.15757187635917203-2
[WebDriverCommandLogger] - Executing mouseMoveTo parameters: {&quot;element&quot;:&quot;0.15757187635917203-2&quot;}
[WebDriverCommandLogger] - command: mouseMoveTo[ param-1: {element=0.15757187635917203-2}] Result: null
[WebDriverCommandLogger] - Executing findElements parameters: {&quot;using&quot;:&quot;xpath&quot;,&quot;value&quot;:&quot;//span[text()=&apos;Sarees&apos;]&quot;}
[WebDriverCommandLogger] - command: findElements[ param-1: {value=//span[text()=&apos;Sarees&apos;], using=xpath}] Result: [id: 0.15757187635917203-3]
[WebDriverCommandLogger] - Executing findElement parameters: {&quot;using&quot;:&quot;xpath&quot;,&quot;value&quot;:&quot;//span[text()=&apos;Sarees&apos;]&quot;}
[WebDriverCommandLogger] - command: findElement[ param-1: {value=//span[text()=&apos;Sarees&apos;], using=xpath}] Result: id: 0.15757187635917203-3
[WebDriverCommandLogger] - Executing isElementDisplayed element: By.xpath: //span[text()=&apos;Sarees&apos;] parameters: {&quot;id&quot;:&quot;0.15757187635917203-3&quot;}
[WebDriverCommandLogger] - command: isElementDisplayed[ param-1: By.xpath: //span[text()=&apos;Sarees&apos;] param-2: {&quot;id&quot;:&quot;0.15757187635917203-3&quot;}] Result: isElementDisplayed:false
[WebDriverCommandLogger] - Executing findElements parameters: {&quot;using&quot;:&quot;xpath&quot;,&quot;value&quot;:&quot;//span[text()=&apos;Sarees&apos;]&quot;}
[WebDriverCommandLogger] - command: findElements[ param-1: {value=//span[text()=&apos;Sarees&apos;], using=xpath}] Result: [id: 0.15757187635917203-3]
[WebDriverCommandLogger] - Executing findElement parameters: {&quot;using&quot;:&quot;xpath&quot;,&quot;value&quot;:&quot;//span[text()=&apos;Sarees&apos;]&quot;}
[WebDriverCommandLogger] - command: findElement[ param-1: {value=//span[text()=&apos;Sarees&apos;], using=xpath}] Result: id: 0.15757187635917203-3
[WebDriverCommandLogger] - Executing isElementDisplayed element: By.xpath: //span[text()=&apos;Sarees&apos;] parameters: {&quot;id&quot;:&quot;0.15757187635917203-3&quot;}
[WebDriverCommandLogger] - command: isElementDisplayed[ param-1: By.xpath: //span[text()=&apos;Sarees&apos;] param-2: {&quot;id&quot;:&quot;0.15757187635917203-3&quot;}] Result: isElementDisplayed:true
[WebDriverCommandLogger] - Executing findElement parameters: {&quot;using&quot;:&quot;xpath&quot;,&quot;value&quot;:&quot;//span[text()=&apos;Sarees&apos;]&quot;}
[WebDriverCommandLogger] - command: findElement[ param-1: {value=//span[text()=&apos;Sarees&apos;], using=xpath}] Result: id: 0.15757187635917203-3
[WebDriverCommandLogger] - Executing clickElement element: By.xpath: //span[text()=&apos;Sarees&apos;] parameters: {&quot;id&quot;:&quot;0.15757187635917203-3&quot;}
[WebDriverCommandLogger] - command: clickElement[ param-1: By.xpath: //span[text()=&apos;Sarees&apos;] param-2: {&quot;id&quot;:&quot;0.15757187635917203-3&quot;}] Result: clickElement:null
[WebDriverCommandLogger] - Executing findElement parameters: {&quot;using&quot;:&quot;xpath&quot;,&quot;value&quot;:&quot;(//div[@class=&apos;_1p7h2j&apos;])[1]&quot;}
[WebDriverCommandLogger] - command: findElement[ param-1: {value=(//div[@class=&apos;_1p7h2j&apos;])[1], using=xpath}] Result: no such element: Unable to locate element: {&quot;method&quot;:&quot;xpath&quot;,&quot;selector&quot;:&quot;(//div[@class=&apos;_1p7h2j&apos;])[1]&quot;}
  (Session info: chrome=63.0.3239.132)
  (Driver info: chromedriver=2.33.506120 (e3e53437346286c0bc2d2dc9aa4915ba81d9023f),platform=Windows NT 10.0.10586 x86_64) (WARNING: The server did not provide any stacktrace information)
Command duration or timeout: 34 milliseconds
For documentation on this error, please visit: http://seleniumhq.org/exceptions/no_such_element.html
Build info: version: &apos;2.53.0&apos;, revision: &apos;35ae25b1534ae328c771e0856c93e187490ca824&apos;, time: &apos;2016-03-15 10:43:46&apos;
System info: host: &apos;ICPL11467&apos;, ip: &apos;10.11.31.193&apos;, os.name: &apos;Windows 10&apos;, os.arch: &apos;amd64&apos;, os.version: &apos;10.0&apos;, java.version: &apos;1.8.0_151&apos;
Driver info: com.qmetry.qaf.automation.ui.webdriver.QAFExtendedWebDriver
Capabilities [{applicationCacheEnabled=false, rotatable=false, mobileEmulationEnabled=false, networkConnectionEnabled=false, chrome={chromedriverVersion=2.33.506120 (e3e53437346286c0bc2d2dc9aa4915ba81d9023f), userDataDir=C:\Users\AJITA~1.SAH\AppData\Local\Temp\scoped_dir12580_28940}, takesHeapSnapshot=true, pageLoadStrategy=normal, databaseEnabled=false, handlesAlerts=true, hasTouchScreen=false, version=63.0.3239.132, platform=XP, browserConnectionEnabled=false, nativeEvents=true, acceptSslCerts=true, locationContextEnabled=true, webStorageEnabled=true, browserName=chrome, takesScreenshot=true, javascriptEnabled=true, cssSelectorsEnabled=true, setWindowRect=true, unexpectedAlertBehaviour=}]
Session ID: 954c84279535d653df3122e829b70252
*** Element info: {Using=xpath, value=(//div[@class=&apos;_1p7h2j&apos;])[1]}
[WebDriverCommandLogger] - Executing findElement parameters: {&quot;using&quot;:&quot;xpath&quot;,&quot;value&quot;:&quot;(//div[@class=&apos;_1p7h2j&apos;])[1]&quot;}
[WebDriverCommandLogger] - command: findElement[ param-1: {value=(//div[@class=&apos;_1p7h2j&apos;])[1], using=xpath}] Result: id: 0.15757187635917203-4
[WebDriverCommandLogger] - Executing clickElement element: By.xpath: (//div[@class=&apos;_1p7h2j&apos;])[1] parameters: {&quot;id&quot;:&quot;0.15757187635917203-4&quot;}
[WebDriverCommandLogger] - command: clickElement[ param-1: By.xpath: (//div[@class=&apos;_1p7h2j&apos;])[1] param-2: {&quot;id&quot;:&quot;0.15757187635917203-4&quot;}] Result: clickElement:null
[WebDriverCommandLogger] - Executing maximizeWindow parameters: {&quot;windowHandle&quot;:&quot;current&quot;}
[WebDriverCommandLogger] - command: maximizeWindow[ param-1: {windowHandle=current}] Result: null
[WebDriverCommandLogger] - Executing findElement parameters: {&quot;using&quot;:&quot;xpath&quot;,&quot;value&quot;:&quot;//li[text()=&apos;Price -- High to Low&apos;]&quot;}
[WebDriverCommandLogger] - command: findElement[ param-1: {value=//li[text()=&apos;Price -- High to Low&apos;], using=xpath}] Result: id: 0.15757187635917203-5
[WebDriverCommandLogger] - Executing clickElement element: By.xpath: //li[text()=&apos;Price -- High to Low&apos;] parameters: {&quot;id&quot;:&quot;0.15757187635917203-5&quot;}
[WebDriverCommandLogger] - command: clickElement[ param-1: By.xpath: //li[text()=&apos;Price -- High to Low&apos;] param-2: {&quot;id&quot;:&quot;0.15757187635917203-5&quot;}] Result: clickElement:null
[WebDriverCommandLogger] - Executing findElements parameters: {&quot;using&quot;:&quot;xpath&quot;,&quot;value&quot;:&quot;//img[@class=&apos;_1Nyybr _30XEf0&apos;]&quot;}
[WebDriverCommandLogger] - command: findElements[ param-1: {value=//img[@class=&apos;_1Nyybr _30XEf0&apos;], using=xpath}] Result: [id: 0.15757187635917203-6, id: 0.15757187635917203-7, id: 0.15757187635917203-8, id: 0.15757187635917203-9, id: 0.15757187635917203-10, id: 0.15757187635917203-11]
[WebDriverCommandLogger] - Executing findChildElement element: By.xpath: //img[@class=&apos;_1Nyybr _30XEf0&apos;] parameters: {&quot;using&quot;:&quot;xpath&quot;,&quot;id&quot;:&quot;0.15757187635917203-6&quot;,&quot;value&quot;:&quot;//a[@class=&apos;_2cLu-l&apos;]&quot;}
[WebDriverCommandLogger] - command: findChildElement[ param-1: By.xpath: //img[@class=&apos;_1Nyybr _30XEf0&apos;] param-2: {&quot;using&quot;:&quot;xpath&quot;,&quot;id&quot;:&quot;0.15757187635917203-6&quot;,&quot;value&quot;:&quot;//a[@class=&apos;_2cLu-l&apos;]&quot;}] Result: findChildElement:id: 0.15757187635917203-12
[WebDriverCommandLogger] - Executing getElementText element: By.xpath: //a[@class=&apos;_2cLu-l&apos;] parameters: {&quot;id&quot;:&quot;0.15757187635917203-12&quot;}
[WebDriverCommandLogger] - command: getElementText[ param-1: By.xpath: //a[@class=&apos;_2cLu-l&apos;] param-2: {&quot;id&quot;:&quot;0.15757187635917203-12&quot;}] Result: getElementText:Divastri Printed Fashion Art Silk Saree
[WebDriverCommandLogger] - Executing findElements parameters: {&quot;using&quot;:&quot;xpath&quot;,&quot;value&quot;:&quot;//img[@class=&apos;_1Nyybr _30XEf0&apos;]&quot;}
[WebDriverCommandLogger] - command: findElements[ param-1: {value=//img[@class=&apos;_1Nyybr _30XEf0&apos;], using=xpath}] Result: []
[WebDriverCommandLogger] - Executing findElements parameters: {&quot;using&quot;:&quot;xpath&quot;,&quot;value&quot;:&quot;//img[@class=&apos;_1Nyybr _30XEf0&apos;]&quot;}
[WebDriverCommandLogger] - command: findElements[ param-1: {value=//img[@class=&apos;_1Nyybr _30XEf0&apos;], using=xpath}] Result: [id: 0.15757187635917203-13, id: 0.15757187635917203-14, id: 0.15757187635917203-15, id: 0.15757187635917203-16, id: 0.15757187635917203-17, id: 0.15757187635917203-18]
[WebDriverCommandLogger] - Executing findChildElement element: By.xpath: //img[@class=&apos;_1Nyybr _30XEf0&apos;] parameters: {&quot;using&quot;:&quot;xpath&quot;,&quot;id&quot;:&quot;0.15757187635917203-13&quot;,&quot;value&quot;:&quot;(//div[@class=&apos;hGSR34 _2beYZw&apos;])[1]&quot;}
[WebDriverCommandLogger] - command: findChildElement[ param-1: By.xpath: //img[@class=&apos;_1Nyybr _30XEf0&apos;] param-2: {&quot;using&quot;:&quot;xpath&quot;,&quot;id&quot;:&quot;0.15757187635917203-13&quot;,&quot;value&quot;:&quot;(//div[@class=&apos;hGSR34 _2beYZw&apos;])[1]&quot;}] Result: findChildElement:id: 0.15757187635917203-19
[WebDriverCommandLogger] - Executing getElementText element: By.xpath: (//div[@class=&apos;hGSR34 _2beYZw&apos;])[1] parameters: {&quot;id&quot;:&quot;0.15757187635917203-19&quot;}
[WebDriverCommandLogger] - command: getElementText[ param-1: By.xpath: (//div[@class=&apos;hGSR34 _2beYZw&apos;])[1] param-2: {&quot;id&quot;:&quot;0.15757187635917203-19&quot;}] Result: getElementText:5 ?
[WebDriverCommandLogger] - Executing findElements parameters: {&quot;using&quot;:&quot;xpath&quot;,&quot;value&quot;:&quot;//img[@class=&apos;_1Nyybr _30XEf0&apos;]&quot;}
[WebDriverCommandLogger] - command: findElements[ param-1: {value=//img[@class=&apos;_1Nyybr _30XEf0&apos;], using=xpath}] Result: [id: 0.15757187635917203-13, id: 0.15757187635917203-14, id: 0.15757187635917203-15, id: 0.15757187635917203-16, id: 0.15757187635917203-17, id: 0.15757187635917203-18]
[WebDriverCommandLogger] - Executing findChildElement element: By.xpath: //img[@class=&apos;_1Nyybr _30XEf0&apos;] parameters: {&quot;using&quot;:&quot;xpath&quot;,&quot;id&quot;:&quot;0.15757187635917203-13&quot;,&quot;value&quot;:&quot;(//div[@class=&apos;hGSR34 _2beYZw&apos;])[1]&quot;}
[WebDriverCommandLogger] - command: findChildElement[ param-1: By.xpath: //img[@class=&apos;_1Nyybr _30XEf0&apos;] param-2: {&quot;using&quot;:&quot;xpath&quot;,&quot;id&quot;:&quot;0.15757187635917203-13&quot;,&quot;value&quot;:&quot;(//div[@class=&apos;hGSR34 _2beYZw&apos;])[1]&quot;}] Result: findChildElement:id: 0.15757187635917203-19
[WebDriverCommandLogger] - Executing getElementText element: By.xpath: (//div[@class=&apos;hGSR34 _2beYZw&apos;])[1] parameters: {&quot;id&quot;:&quot;0.15757187635917203-19&quot;}
[WebDriverCommandLogger] - command: getElementText[ param-1: By.xpath: (//div[@class=&apos;hGSR34 _2beYZw&apos;])[1] param-2: {&quot;id&quot;:&quot;0.15757187635917203-19&quot;}] Result: getElementText:5 ?
+++++++++++++++++5 ?
[WebDriverCommandLogger] - Executing findElements parameters: {&quot;using&quot;:&quot;xpath&quot;,&quot;value&quot;:&quot;//img[@class=&apos;_1Nyybr _30XEf0&apos;]&quot;}
[WebDriverCommandLogger] - command: findElements[ param-1: {value=//img[@class=&apos;_1Nyybr _30XEf0&apos;], using=xpath}] Result: [id: 0.15757187635917203-13, id: 0.15757187635917203-14, id: 0.15757187635917203-15, id: 0.15757187635917203-16, id: 0.15757187635917203-17, id: 0.15757187635917203-18]
[WebDriverCommandLogger] - Executing clickElement element: By.xpath: //img[@class=&apos;_1Nyybr _30XEf0&apos;] parameters: {&quot;id&quot;:&quot;0.15757187635917203-13&quot;}
[WebDriverCommandLogger] - command: clickElement[ param-1: By.xpath: //img[@class=&apos;_1Nyybr _30XEf0&apos;] param-2: {&quot;id&quot;:&quot;0.15757187635917203-13&quot;}] Result: clickElement:null
[WebDriverCommandLogger] - Executing getWindowHandles parameters: {}
[WebDriverCommandLogger] - command: getWindowHandles[ param-1: {}] Result: [CDwindow-(84CB8054109387078F10C4BB0DD08F65), CDwindow-(37E5BC158841595964A488EC03CE9035)]
[WebDriverCommandLogger] - Executing getWindowHandles parameters: {}
[WebDriverCommandLogger] - command: getWindowHandles[ param-1: {}] Result: [CDwindow-(84CB8054109387078F10C4BB0DD08F65), CDwindow-(37E5BC158841595964A488EC03CE9035)]
[WebDriverCommandLogger] - Executing switchToWindow parameters: {&quot;name&quot;:&quot;CDwindow-(84CB8054109387078F10C4BB0DD08F65)&quot;}
[WebDriverCommandLogger] - command: switchToWindow[ param-1: {name=CDwindow-(84CB8054109387078F10C4BB0DD08F65)}] Result: null
[WebDriverCommandLogger] - Executing switchToWindow parameters: {&quot;name&quot;:&quot;CDwindow-(37E5BC158841595964A488EC03CE9035)&quot;}
[WebDriverCommandLogger] - command: switchToWindow[ param-1: {name=CDwindow-(37E5BC158841595964A488EC03CE9035)}] Result: null
[WebDriverCommandLogger] - Executing findElement parameters: {&quot;using&quot;:&quot;xpath&quot;,&quot;value&quot;:&quot;//input[@class=&apos;_3X4tVa&apos;]&quot;}
[WebDriverCommandLogger] - command: findElement[ param-1: {value=//input[@class=&apos;_3X4tVa&apos;], using=xpath}] Result: id: 0.12927036226922772-1
[WebDriverCommandLogger] - Executing sendKeysToElement element: By.xpath: //input[@class=&apos;_3X4tVa&apos;] parameters: {&quot;id&quot;:&quot;0.12927036226922772-1&quot;,&quot;value&quot;:[&quot;560037&quot;]}
[WebDriverCommandLogger] - command: sendKeysToElement[ param-1: By.xpath: //input[@class=&apos;_3X4tVa&apos;] param-2: {&quot;id&quot;:&quot;0.12927036226922772-1&quot;,&quot;value&quot;:[&quot;560037&quot;]}] Result: sendKeysToElement:null
[WebDriverCommandLogger] - Executing findElement parameters: {&quot;using&quot;:&quot;xpath&quot;,&quot;value&quot;:&quot;//span[@class=&apos;_2aK_gu&apos;]&quot;}
[WebDriverCommandLogger] - command: findElement[ param-1: {value=//span[@class=&apos;_2aK_gu&apos;], using=xpath}] Result: id: 0.12927036226922772-2
[WebDriverCommandLogger] - Executing clickElement element: By.xpath: //span[@class=&apos;_2aK_gu&apos;] parameters: {&quot;id&quot;:&quot;0.12927036226922772-2&quot;}
[WebDriverCommandLogger] - command: clickElement[ param-1: By.xpath: //span[@class=&apos;_2aK_gu&apos;] param-2: {&quot;id&quot;:&quot;0.12927036226922772-2&quot;}] Result: clickElement:null
[WebDriverCommandLogger] - Executing findElement parameters: {&quot;using&quot;:&quot;xpath&quot;,&quot;value&quot;:&quot;//span[.=&apos;View Details&apos;]&quot;}
[WebDriverCommandLogger] - command: findElement[ param-1: {value=//span[.=&apos;View Details&apos;], using=xpath}] Result: id: 0.12927036226922772-3
[WebDriverCommandLogger] - Executing clickElement element: By.xpath: //span[.=&apos;View Details&apos;] parameters: {&quot;id&quot;:&quot;0.12927036226922772-3&quot;}
[WebDriverCommandLogger] - command: clickElement[ param-1: By.xpath: //span[.=&apos;View Details&apos;] param-2: {&quot;id&quot;:&quot;0.12927036226922772-3&quot;}] Result: clickElement:null
[WebDriverCommandLogger] - Executing findElements parameters: {&quot;using&quot;:&quot;xpath&quot;,&quot;value&quot;:&quot;//span[text()=&apos;Flipkart Assured&apos;]&quot;}
[WebDriverCommandLogger] - command: findElements[ param-1: {value=//span[text()=&apos;Flipkart Assured&apos;], using=xpath}] Result: [id: 0.12927036226922772-4]
[WebDriverCommandLogger] - Executing findElement parameters: {&quot;using&quot;:&quot;xpath&quot;,&quot;value&quot;:&quot;//span[text()=&apos;Flipkart Assured&apos;]&quot;}
[WebDriverCommandLogger] - command: findElement[ param-1: {value=//span[text()=&apos;Flipkart Assured&apos;], using=xpath}] Result: id: 0.12927036226922772-4
[WebDriverCommandLogger] - Executing isElementDisplayed element: By.xpath: //span[text()=&apos;Flipkart Assured&apos;] parameters: {&quot;id&quot;:&quot;0.12927036226922772-4&quot;}
[WebDriverCommandLogger] - command: isElementDisplayed[ param-1: By.xpath: //span[text()=&apos;Flipkart Assured&apos;] param-2: {&quot;id&quot;:&quot;0.12927036226922772-4&quot;}] Result: isElementDisplayed:false
[WebDriverCommandLogger] - Executing findElements parameters: {&quot;using&quot;:&quot;xpath&quot;,&quot;value&quot;:&quot;//span[text()=&apos;Flipkart Assured&apos;]&quot;}
[WebDriverCommandLogger] - command: findElements[ param-1: {value=//span[text()=&apos;Flipkart Assured&apos;], using=xpath}] Result: [id: 0.12927036226922772-4]
[WebDriverCommandLogger] - Executing findElement parameters: {&quot;using&quot;:&quot;xpath&quot;,&quot;value&quot;:&quot;//span[text()=&apos;Flipkart Assured&apos;]&quot;}
[WebDriverCommandLogger] - command: findElement[ param-1: {value=//span[text()=&apos;Flipkart Assured&apos;], using=xpath}] Result: id: 0.12927036226922772-4
[WebDriverCommandLogger] - Executing isElementDisplayed element: By.xpath: //span[text()=&apos;Flipkart Assured&apos;] parameters: {&quot;id&quot;:&quot;0.12927036226922772-4&quot;}
[WebDriverCommandLogger] - command: isElementDisplayed[ param-1: By.xpath: //span[text()=&apos;Flipkart Assured&apos;] param-2: {&quot;id&quot;:&quot;0.12927036226922772-4&quot;}] Result: isElementDisplayed:false
[WebDriverCommandLogger] - Executing findElements parameters: {&quot;using&quot;:&quot;xpath&quot;,&quot;value&quot;:&quot;//span[text()=&apos;Flipkart Assured&apos;]&quot;}
[WebDriverCommandLogger] - command: findElements[ param-1: {value=//span[text()=&apos;Flipkart Assured&apos;], using=xpath}] Result: [id: 0.12927036226922772-4]
[WebDriverCommandLogger] - Executing findElement parameters: {&quot;using&quot;:&quot;xpath&quot;,&quot;value&quot;:&quot;//span[text()=&apos;Flipkart Assured&apos;]&quot;}
[WebDriverCommandLogger] - command: findElement[ param-1: {value=//span[text()=&apos;Flipkart Assured&apos;], using=xpath}] Result: id: 0.12927036226922772-4
[WebDriverCommandLogger] - Executing isElementDisplayed element: By.xpath: //span[text()=&apos;Flipkart Assured&apos;] parameters: {&quot;id&quot;:&quot;0.12927036226922772-4&quot;}
[WebDriverCommandLogger] - command: isElementDisplayed[ param-1: By.xpath: //span[text()=&apos;Flipkart Assured&apos;] param-2: {&quot;id&quot;:&quot;0.12927036226922772-4&quot;}] Result: isElementDisplayed:false
[WebDriverCommandLogger] - Executing findElements parameters: {&quot;using&quot;:&quot;xpath&quot;,&quot;value&quot;:&quot;//span[text()=&apos;Flipkart Assured&apos;]&quot;}
[WebDriverCommandLogger] - command: findElements[ param-1: {value=//span[text()=&apos;Flipkart Assured&apos;], using=xpath}] Result: [id: 0.12927036226922772-4]
[WebDriverCommandLogger] - Executing findElement parameters: {&quot;using&quot;:&quot;xpath&quot;,&quot;value&quot;:&quot;//span[text()=&apos;Flipkart Assured&apos;]&quot;}
[WebDriverCommandLogger] - command: findElement[ param-1: {value=//span[text()=&apos;Flipkart Assured&apos;], using=xpath}] Result: id: 0.12927036226922772-4
[WebDriverCommandLogger] - Executing isElementDisplayed element: By.xpath: //span[text()=&apos;Flipkart Assured&apos;] parameters: {&quot;id&quot;:&quot;0.12927036226922772-4&quot;}
[WebDriverCommandLogger] - command: isElementDisplayed[ param-1: By.xpath: //span[text()=&apos;Flipkart Assured&apos;] param-2: {&quot;id&quot;:&quot;0.12927036226922772-4&quot;}] Result: isElementDisplayed:false
[WebDriverCommandLogger] - Executing findElements parameters: {&quot;using&quot;:&quot;xpath&quot;,&quot;value&quot;:&quot;//span[text()=&apos;Flipkart Assured&apos;]&quot;}
[WebDriverCommandLogger] - command: findElements[ param-1: {value=//span[text()=&apos;Flipkart Assured&apos;], using=xpath}] Result: [id: 0.12927036226922772-4]
[WebDriverCommandLogger] - Executing findElement parameters: {&quot;using&quot;:&quot;xpath&quot;,&quot;value&quot;:&quot;//span[text()=&apos;Flipkart Assured&apos;]&quot;}
[WebDriverCommandLogger] - command: findElement[ param-1: {value=//span[text()=&apos;Flipkart Assured&apos;], using=xpath}] Result: id: 0.12927036226922772-4
[WebDriverCommandLogger] - Executing isElementDisplayed element: By.xpath: //span[text()=&apos;Flipkart Assured&apos;] parameters: {&quot;id&quot;:&quot;0.12927036226922772-4&quot;}
[WebDriverCommandLogger] - command: isElementDisplayed[ param-1: By.xpath: //span[text()=&apos;Flipkart Assured&apos;] param-2: {&quot;id&quot;:&quot;0.12927036226922772-4&quot;}] Result: isElementDisplayed:false
[WebDriverCommandLogger] - Executing findElements parameters: {&quot;using&quot;:&quot;xpath&quot;,&quot;value&quot;:&quot;//span[text()=&apos;Flipkart Assured&apos;]&quot;}
[WebDriverCommandLogger] - command: findElements[ param-1: {value=//span[text()=&apos;Flipkart Assured&apos;], using=xpath}] Result: [id: 0.12927036226922772-4]
[WebDriverCommandLogger] - Executing findElement parameters: {&quot;using&quot;:&quot;xpath&quot;,&quot;value&quot;:&quot;//span[text()=&apos;Flipkart Assured&apos;]&quot;}
[WebDriverCommandLogger] - command: findElement[ param-1: {value=//span[text()=&apos;Flipkart Assured&apos;], using=xpath}] Result: id: 0.12927036226922772-4
[WebDriverCommandLogger] - Executing isElementDisplayed element: By.xpath: //span[text()=&apos;Flipkart Assured&apos;] parameters: {&quot;id&quot;:&quot;0.12927036226922772-4&quot;}
[WebDriverCommandLogger] - command: isElementDisplayed[ param-1: By.xpath: //span[text()=&apos;Flipkart Assured&apos;] param-2: {&quot;id&quot;:&quot;0.12927036226922772-4&quot;}] Result: isElementDisplayed:false
[WebDriverCommandLogger] - Executing findElements parameters: {&quot;using&quot;:&quot;xpath&quot;,&quot;value&quot;:&quot;//span[text()=&apos;Flipkart Assured&apos;]&quot;}
[WebDriverCommandLogger] - command: findElements[ param-1: {value=//span[text()=&apos;Flipkart Assured&apos;], using=xpath}] Result: [id: 0.12927036226922772-4]
[WebDriverCommandLogger] - Executing findElement parameters: {&quot;using&quot;:&quot;xpath&quot;,&quot;value&quot;:&quot;//span[text()=&apos;Flipkart Assured&apos;]&quot;}
[WebDriverCommandLogger] - command: findElement[ param-1: {value=//span[text()=&apos;Flipkart Assured&apos;], using=xpath}] Result: id: 0.12927036226922772-4
[WebDriverCommandLogger] - Executing isElementDisplayed element: By.xpath: //span[text()=&apos;Flipkart Assured&apos;] parameters: {&quot;id&quot;:&quot;0.12927036226922772-4&quot;}
[WebDriverCommandLogger] - command: isElementDisplayed[ param-1: By.xpath: //span[text()=&apos;Flipkart Assured&apos;] param-2: {&quot;id&quot;:&quot;0.12927036226922772-4&quot;}] Result: isElementDisplayed:false
[WebDriverCommandLogger] - Executing findElements parameters: {&quot;using&quot;:&quot;xpath&quot;,&quot;value&quot;:&quot;//span[text()=&apos;Flipkart Assured&apos;]&quot;}
[WebDriverCommandLogger] - command: findElements[ param-1: {value=//span[text()=&apos;Flipkart Assured&apos;], using=xpath}] Result: [id: 0.12927036226922772-4]
[WebDriverCommandLogger] - Executing findElement parameters: {&quot;using&quot;:&quot;xpath&quot;,&quot;value&quot;:&quot;//span[text()=&apos;Flipkart Assured&apos;]&quot;}
[WebDriverCommandLogger] - command: findElement[ param-1: {value=//span[text()=&apos;Flipkart Assured&apos;], using=xpath}] Result: id: 0.12927036226922772-4
[WebDriverCommandLogger] - Executing isElementDisplayed element: By.xpath: //span[text()=&apos;Flipkart Assured&apos;] parameters: {&quot;id&quot;:&quot;0.12927036226922772-4&quot;}
[WebDriverCommandLogger] - command: isElementDisplayed[ param-1: By.xpath: //span[text()=&apos;Flipkart Assured&apos;] param-2: {&quot;id&quot;:&quot;0.12927036226922772-4&quot;}] Result: isElementDisplayed:false
[WebDriverCommandLogger] - Executing findElements parameters: {&quot;using&quot;:&quot;xpath&quot;,&quot;value&quot;:&quot;//span[text()=&apos;Flipkart Assured&apos;]&quot;}
[WebDriverCommandLogger] - command: findElements[ param-1: {value=//span[text()=&apos;Flipkart Assured&apos;], using=xpath}] Result: [id: 0.12927036226922772-4]
[WebDriverCommandLogger] - Executing findElement parameters: {&quot;using&quot;:&quot;xpath&quot;,&quot;value&quot;:&quot;//span[text()=&apos;Flipkart Assured&apos;]&quot;}
[WebDriverCommandLogger] - command: findElement[ param-1: {value=//span[text()=&apos;Flipkart Assured&apos;], using=xpath}] Result: id: 0.12927036226922772-4
[WebDriverCommandLogger] - Executing isElementDisplayed element: By.xpath: //span[text()=&apos;Flipkart Assured&apos;] parameters: {&quot;id&quot;:&quot;0.12927036226922772-4&quot;}
[WebDriverCommandLogger] - command: isElementDisplayed[ param-1: By.xpath: //span[text()=&apos;Flipkart Assured&apos;] param-2: {&quot;id&quot;:&quot;0.12927036226922772-4&quot;}] Result: isElementDisplayed:false
[WebDriverCommandLogger] - Executing findElements parameters: {&quot;using&quot;:&quot;xpath&quot;,&quot;value&quot;:&quot;//span[text()=&apos;Flipkart Assured&apos;]&quot;}
[WebDriverCommandLogger] - command: findElements[ param-1: {value=//span[text()=&apos;Flipkart Assured&apos;], using=xpath}] Result: [id: 0.12927036226922772-4]
[WebDriverCommandLogger] - Executing findElement parameters: {&quot;using&quot;:&quot;xpath&quot;,&quot;value&quot;:&quot;//span[text()=&apos;Flipkart Assured&apos;]&quot;}
[WebDriverCommandLogger] - command: findElement[ param-1: {value=//span[text()=&apos;Flipkart Assured&apos;], using=xpath}] Result: id: 0.12927036226922772-4
[WebDriverCommandLogger] - Executing isElementDisplayed element: By.xpath: //span[text()=&apos;Flipkart Assured&apos;] parameters: {&quot;id&quot;:&quot;0.12927036226922772-4&quot;}
[WebDriverCommandLogger] - command: isElementDisplayed[ param-1: By.xpath: //span[text()=&apos;Flipkart Assured&apos;] param-2: {&quot;id&quot;:&quot;0.12927036226922772-4&quot;}] Result: isElementDisplayed:false
[WebDriverCommandLogger] - Executing findElements parameters: {&quot;using&quot;:&quot;xpath&quot;,&quot;value&quot;:&quot;//span[text()=&apos;Flipkart Assured&apos;]&quot;}
[WebDriverCommandLogger] - command: findElements[ param-1: {value=//span[text()=&apos;Flipkart Assured&apos;], using=xpath}] Result: [id: 0.12927036226922772-4]
[WebDriverCommandLogger] - Executing findElement parameters: {&quot;using&quot;:&quot;xpath&quot;,&quot;value&quot;:&quot;//span[text()=&apos;Flipkart Assured&apos;]&quot;}
[WebDriverCommandLogger] - command: findElement[ param-1: {value=//span[text()=&apos;Flipkart Assured&apos;], using=xpath}] Result: id: 0.12927036226922772-4
[WebDriverCommandLogger] - Executing isElementDisplayed element: By.xpath: //span[text()=&apos;Flipkart Assured&apos;] parameters: {&quot;id&quot;:&quot;0.12927036226922772-4&quot;}
[WebDriverCommandLogger] - command: isElementDisplayed[ param-1: By.xpath: //span[text()=&apos;Flipkart Assured&apos;] param-2: {&quot;id&quot;:&quot;0.12927036226922772-4&quot;}] Result: isElementDisplayed:false
[WebDriverCommandLogger] - Executing findElements parameters: {&quot;using&quot;:&quot;xpath&quot;,&quot;value&quot;:&quot;//span[text()=&apos;Flipkart Assured&apos;]&quot;}
[WebDriverCommandLogger] - command: findElements[ param-1: {value=//span[text()=&apos;Flipkart Assured&apos;], using=xpath}] Result: [id: 0.12927036226922772-4]
[WebDriverCommandLogger] - Executing findElement parameters: {&quot;using&quot;:&quot;xpath&quot;,&quot;value&quot;:&quot;//span[text()=&apos;Flipkart Assured&apos;]&quot;}
[WebDriverCommandLogger] - command: findElement[ param-1: {value=//span[text()=&apos;Flipkart Assured&apos;], using=xpath}] Result: id: 0.12927036226922772-4
[WebDriverCommandLogger] - Executing isElementDisplayed element: By.xpath: //span[text()=&apos;Flipkart Assured&apos;] parameters: {&quot;id&quot;:&quot;0.12927036226922772-4&quot;}
[WebDriverCommandLogger] - command: isElementDisplayed[ param-1: By.xpath: //span[text()=&apos;Flipkart Assured&apos;] param-2: {&quot;id&quot;:&quot;0.12927036226922772-4&quot;}] Result: isElementDisplayed:false
[WebDriverCommandLogger] - Executing findElements parameters: {&quot;using&quot;:&quot;xpath&quot;,&quot;value&quot;:&quot;//span[text()=&apos;Flipkart Assured&apos;]&quot;}
[WebDriverCommandLogger] - command: findElements[ param-1: {value=//span[text()=&apos;Flipkart Assured&apos;], using=xpath}] Result: [id: 0.12927036226922772-4]
[WebDriverCommandLogger] - Executing findElement parameters: {&quot;using&quot;:&quot;xpath&quot;,&quot;value&quot;:&quot;//span[text()=&apos;Flipkart Assured&apos;]&quot;}
[WebDriverCommandLogger] - command: findElement[ param-1: {value=//span[text()=&apos;Flipkart Assured&apos;], using=xpath}] Result: id: 0.12927036226922772-4
[WebDriverCommandLogger] - Executing isElementDisplayed element: By.xpath: //span[text()=&apos;Flipkart Assured&apos;] parameters: {&quot;id&quot;:&quot;0.12927036226922772-4&quot;}
[WebDriverCommandLogger] - command: isElementDisplayed[ param-1: By.xpath: //span[text()=&apos;Flipkart Assured&apos;] param-2: {&quot;id&quot;:&quot;0.12927036226922772-4&quot;}] Result: isElementDisplayed:false
[WebDriverCommandLogger] - Executing findElements parameters: {&quot;using&quot;:&quot;xpath&quot;,&quot;value&quot;:&quot;//span[text()=&apos;Flipkart Assured&apos;]&quot;}
[WebDriverCommandLogger] - command: findElements[ param-1: {value=//span[text()=&apos;Flipkart Assured&apos;], using=xpath}] Result: [id: 0.12927036226922772-4]
[WebDriverCommandLogger] - Executing findElement parameters: {&quot;using&quot;:&quot;xpath&quot;,&quot;value&quot;:&quot;//span[text()=&apos;Flipkart Assured&apos;]&quot;}
[WebDriverCommandLogger] - command: findElement[ param-1: {value=//span[text()=&apos;Flipkart Assured&apos;], using=xpath}] Result: id: 0.12927036226922772-4
[WebDriverCommandLogger] - Executing isElementDisplayed element: By.xpath: //span[text()=&apos;Flipkart Assured&apos;] parameters: {&quot;id&quot;:&quot;0.12927036226922772-4&quot;}
[WebDriverCommandLogger] - command: isElementDisplayed[ param-1: By.xpath: //span[text()=&apos;Flipkart Assured&apos;] param-2: {&quot;id&quot;:&quot;0.12927036226922772-4&quot;}] Result: isElementDisplayed:false
[WebDriverCommandLogger] - Executing findElements parameters: {&quot;using&quot;:&quot;xpath&quot;,&quot;value&quot;:&quot;//span[text()=&apos;Flipkart Assured&apos;]&quot;}
[WebDriverCommandLogger] - command: findElements[ param-1: {value=//span[text()=&apos;Flipkart Assured&apos;], using=xpath}] Result: [id: 0.12927036226922772-4]
[WebDriverCommandLogger] - Executing findElement parameters: {&quot;using&quot;:&quot;xpath&quot;,&quot;value&quot;:&quot;//span[text()=&apos;Flipkart Assured&apos;]&quot;}
[WebDriverCommandLogger] - command: findElement[ param-1: {value=//span[text()=&apos;Flipkart Assured&apos;], using=xpath}] Result: id: 0.12927036226922772-4
[WebDriverCommandLogger] - Executing isElementDisplayed element: By.xpath: //span[text()=&apos;Flipkart Assured&apos;] parameters: {&quot;id&quot;:&quot;0.12927036226922772-4&quot;}
[WebDriverCommandLogger] - command: isElementDisplayed[ param-1: By.xpath: //span[text()=&apos;Flipkart Assured&apos;] param-2: {&quot;id&quot;:&quot;0.12927036226922772-4&quot;}] Result: isElementDisplayed:false
[WebDriverCommandLogger] - Executing findElements parameters: {&quot;using&quot;:&quot;xpath&quot;,&quot;value&quot;:&quot;//span[text()=&apos;Flipkart Assured&apos;]&quot;}
[WebDriverCommandLogger] - command: findElements[ param-1: {value=//span[text()=&apos;Flipkart Assured&apos;], using=xpath}] Result: [id: 0.12927036226922772-4]
[WebDriverCommandLogger] - Executing findElement parameters: {&quot;using&quot;:&quot;xpath&quot;,&quot;value&quot;:&quot;//span[text()=&apos;Flipkart Assured&apos;]&quot;}
[WebDriverCommandLogger] - command: findElement[ param-1: {value=//span[text()=&apos;Flipkart Assured&apos;], using=xpath}] Result: id: 0.12927036226922772-4
[WebDriverCommandLogger] - Executing isElementDisplayed element: By.xpath: //span[text()=&apos;Flipkart Assured&apos;] parameters: {&quot;id&quot;:&quot;0.12927036226922772-4&quot;}
[WebDriverCommandLogger] - command: isElementDisplayed[ param-1: By.xpath: //span[text()=&apos;Flipkart Assured&apos;] param-2: {&quot;id&quot;:&quot;0.12927036226922772-4&quot;}] Result: isElementDisplayed:false
[WebDriverCommandLogger] - Executing findElements parameters: {&quot;using&quot;:&quot;xpath&quot;,&quot;value&quot;:&quot;//span[text()=&apos;Flipkart Assured&apos;]&quot;}
[WebDriverCommandLogger] - command: findElements[ param-1: {value=//span[text()=&apos;Flipkart Assured&apos;], using=xpath}] Result: [id: 0.12927036226922772-4]
[WebDriverCommandLogger] - Executing findElement parameters: {&quot;using&quot;:&quot;xpath&quot;,&quot;value&quot;:&quot;//span[text()=&apos;Flipkart Assured&apos;]&quot;}
[WebDriverCommandLogger] - command: findElement[ param-1: {value=//span[text()=&apos;Flipkart Assured&apos;], using=xpath}] Result: id: 0.12927036226922772-4
[WebDriverCommandLogger] - Executing isElementDisplayed element: By.xpath: //span[text()=&apos;Flipkart Assured&apos;] parameters: {&quot;id&quot;:&quot;0.12927036226922772-4&quot;}
[WebDriverCommandLogger] - command: isElementDisplayed[ param-1: By.xpath: //span[text()=&apos;Flipkart Assured&apos;] param-2: {&quot;id&quot;:&quot;0.12927036226922772-4&quot;}] Result: isElementDisplayed:false
[WebDriverCommandLogger] - Executing findElements parameters: {&quot;using&quot;:&quot;xpath&quot;,&quot;value&quot;:&quot;//span[text()=&apos;Flipkart Assured&apos;]&quot;}
[WebDriverCommandLogger] - command: findElements[ param-1: {value=//span[text()=&apos;Flipkart Assured&apos;], using=xpath}] Result: [id: 0.12927036226922772-4]
[WebDriverCommandLogger] - Executing findElement parameters: {&quot;using&quot;:&quot;xpath&quot;,&quot;value&quot;:&quot;//span[text()=&apos;Flipkart Assured&apos;]&quot;}
[WebDriverCommandLogger] - command: findElement[ param-1: {value=//span[text()=&apos;Flipkart Assured&apos;], using=xpath}] Result: id: 0.12927036226922772-4
[WebDriverCommandLogger] - Executing isElementDisplayed element: By.xpath: //span[text()=&apos;Flipkart Assured&apos;] parameters: {&quot;id&quot;:&quot;0.12927036226922772-4&quot;}
[WebDriverCommandLogger] - command: isElementDisplayed[ param-1: By.xpath: //span[text()=&apos;Flipkart Assured&apos;] param-2: {&quot;id&quot;:&quot;0.12927036226922772-4&quot;}] Result: isElementDisplayed:false
[WebDriverCommandLogger] - Executing findElements parameters: {&quot;using&quot;:&quot;xpath&quot;,&quot;value&quot;:&quot;//span[text()=&apos;Flipkart Assured&apos;]&quot;}
[WebDriverCommandLogger] - command: findElements[ param-1: {value=//span[text()=&apos;Flipkart Assured&apos;], using=xpath}] Result: [id: 0.12927036226922772-4]
[WebDriverCommandLogger] - Executing findElement parameters: {&quot;using&quot;:&quot;xpath&quot;,&quot;value&quot;:&quot;//span[text()=&apos;Flipkart Assured&apos;]&quot;}
[WebDriverCommandLogger] - command: findElement[ param-1: {value=//span[text()=&apos;Flipkart Assured&apos;], using=xpath}] Result: id: 0.12927036226922772-4
[WebDriverCommandLogger] - Executing isElementDisplayed element: By.xpath: //span[text()=&apos;Flipkart Assured&apos;] parameters: {&quot;id&quot;:&quot;0.12927036226922772-4&quot;}
[WebDriverCommandLogger] - command: isElementDisplayed[ param-1: By.xpath: //span[text()=&apos;Flipkart Assured&apos;] param-2: {&quot;id&quot;:&quot;0.12927036226922772-4&quot;}] Result: isElementDisplayed:false
[WebDriverCommandLogger] - Executing findElements parameters: {&quot;using&quot;:&quot;xpath&quot;,&quot;value&quot;:&quot;//span[text()=&apos;Flipkart Assured&apos;]&quot;}
[WebDriverCommandLogger] - command: findElements[ param-1: {value=//span[text()=&apos;Flipkart Assured&apos;], using=xpath}] Result: [id: 0.12927036226922772-4]
[WebDriverCommandLogger] - Executing findElement parameters: {&quot;using&quot;:&quot;xpath&quot;,&quot;value&quot;:&quot;//span[text()=&apos;Flipkart Assured&apos;]&quot;}
[WebDriverCommandLogger] - command: findElement[ param-1: {value=//span[text()=&apos;Flipkart Assured&apos;], using=xpath}] Result: id: 0.12927036226922772-4
[WebDriverCommandLogger] - Executing isElementDisplayed element: By.xpath: //span[text()=&apos;Flipkart Assured&apos;] parameters: {&quot;id&quot;:&quot;0.12927036226922772-4&quot;}
[WebDriverCommandLogger] - command: isElementDisplayed[ param-1: By.xpath: //span[text()=&apos;Flipkart Assured&apos;] param-2: {&quot;id&quot;:&quot;0.12927036226922772-4&quot;}] Result: isElementDisplayed:false
[WebDriverCommandLogger] - Executing findElements parameters: {&quot;using&quot;:&quot;xpath&quot;,&quot;value&quot;:&quot;//span[text()=&apos;Flipkart Assured&apos;]&quot;}
[WebDriverCommandLogger] - command: findElements[ param-1: {value=//span[text()=&apos;Flipkart Assured&apos;], using=xpath}] Result: [id: 0.12927036226922772-4]
[WebDriverCommandLogger] - Executing findElement parameters: {&quot;using&quot;:&quot;xpath&quot;,&quot;value&quot;:&quot;//span[text()=&apos;Flipkart Assured&apos;]&quot;}
[WebDriverCommandLogger] - command: findElement[ param-1: {value=//span[text()=&apos;Flipkart Assured&apos;], using=xpath}] Result: id: 0.12927036226922772-4
[WebDriverCommandLogger] - Executing isElementDisplayed element: By.xpath: //span[text()=&apos;Flipkart Assured&apos;] parameters: {&quot;id&quot;:&quot;0.12927036226922772-4&quot;}
[WebDriverCommandLogger] - command: isElementDisplayed[ param-1: By.xpath: //span[text()=&apos;Flipkart Assured&apos;] param-2: {&quot;id&quot;:&quot;0.12927036226922772-4&quot;}] Result: isElementDisplayed:false
[WebDriverCommandLogger] - Executing findElements parameters: {&quot;using&quot;:&quot;xpath&quot;,&quot;value&quot;:&quot;//span[text()=&apos;Flipkart Assured&apos;]&quot;}
[WebDriverCommandLogger] - command: findElements[ param-1: {value=//span[text()=&apos;Flipkart Assured&apos;], using=xpath}] Result: [id: 0.12927036226922772-4]
[WebDriverCommandLogger] - Executing findElement parameters: {&quot;using&quot;:&quot;xpath&quot;,&quot;value&quot;:&quot;//span[text()=&apos;Flipkart Assured&apos;]&quot;}
[WebDriverCommandLogger] - command: findElement[ param-1: {value=//span[text()=&apos;Flipkart Assured&apos;], using=xpath}] Result: id: 0.12927036226922772-4
[WebDriverCommandLogger] - Executing isElementDisplayed element: By.xpath: //span[text()=&apos;Flipkart Assured&apos;] parameters: {&quot;id&quot;:&quot;0.12927036226922772-4&quot;}
[WebDriverCommandLogger] - command: isElementDisplayed[ param-1: By.xpath: //span[text()=&apos;Flipkart Assured&apos;] param-2: {&quot;id&quot;:&quot;0.12927036226922772-4&quot;}] Result: isElementDisplayed:false
[WebDriverCommandLogger] - Executing findElements parameters: {&quot;using&quot;:&quot;xpath&quot;,&quot;value&quot;:&quot;//span[text()=&apos;Flipkart Assured&apos;]&quot;}
[WebDriverCommandLogger] - command: findElements[ param-1: {value=//span[text()=&apos;Flipkart Assured&apos;], using=xpath}] Result: [id: 0.12927036226922772-4]
[WebDriverCommandLogger] - Executing findElement parameters: {&quot;using&quot;:&quot;xpath&quot;,&quot;value&quot;:&quot;//span[text()=&apos;Flipkart Assured&apos;]&quot;}
[WebDriverCommandLogger] - command: findElement[ param-1: {value=//span[text()=&apos;Flipkart Assured&apos;], using=xpath}] Result: id: 0.12927036226922772-4
[WebDriverCommandLogger] - Executing isElementDisplayed element: By.xpath: //span[text()=&apos;Flipkart Assured&apos;] parameters: {&quot;id&quot;:&quot;0.12927036226922772-4&quot;}
[WebDriverCommandLogger] - command: isElementDisplayed[ param-1: By.xpath: //span[text()=&apos;Flipkart Assured&apos;] param-2: {&quot;id&quot;:&quot;0.12927036226922772-4&quot;}] Result: isElementDisplayed:false
[WebDriverCommandLogger] - Executing findElements parameters: {&quot;using&quot;:&quot;xpath&quot;,&quot;value&quot;:&quot;//span[text()=&apos;Flipkart Assured&apos;]&quot;}
[WebDriverCommandLogger] - command: findElements[ param-1: {value=//span[text()=&apos;Flipkart Assured&apos;], using=xpath}] Result: [id: 0.12927036226922772-4]
[WebDriverCommandLogger] - Executing findElement parameters: {&quot;using&quot;:&quot;xpath&quot;,&quot;value&quot;:&quot;//span[text()=&apos;Flipkart Assured&apos;]&quot;}
[WebDriverCommandLogger] - command: findElement[ param-1: {value=//span[text()=&apos;Flipkart Assured&apos;], using=xpath}] Result: id: 0.12927036226922772-4
[WebDriverCommandLogger] - Executing isElementDisplayed element: By.xpath: //span[text()=&apos;Flipkart Assured&apos;] parameters: {&quot;id&quot;:&quot;0.12927036226922772-4&quot;}
[WebDriverCommandLogger] - command: isElementDisplayed[ param-1: By.xpath: //span[text()=&apos;Flipkart Assured&apos;] param-2: {&quot;id&quot;:&quot;0.12927036226922772-4&quot;}] Result: isElementDisplayed:false
[WebDriverCommandLogger] - Executing findElements parameters: {&quot;using&quot;:&quot;xpath&quot;,&quot;value&quot;:&quot;//span[text()=&apos;Flipkart Assured&apos;]&quot;}
[WebDriverCommandLogger] - command: findElements[ param-1: {value=//span[text()=&apos;Flipkart Assured&apos;], using=xpath}] Result: [id: 0.12927036226922772-4]
[WebDriverCommandLogger] - Executing findElement parameters: {&quot;using&quot;:&quot;xpath&quot;,&quot;value&quot;:&quot;//span[text()=&apos;Flipkart Assured&apos;]&quot;}
[WebDriverCommandLogger] - command: findElement[ param-1: {value=//span[text()=&apos;Flipkart Assured&apos;], using=xpath}] Result: id: 0.12927036226922772-4
[WebDriverCommandLogger] - Executing isElementDisplayed element: By.xpath: //span[text()=&apos;Flipkart Assured&apos;] parameters: {&quot;id&quot;:&quot;0.12927036226922772-4&quot;}
[WebDriverCommandLogger] - command: isElementDisplayed[ param-1: By.xpath: //span[text()=&apos;Flipkart Assured&apos;] param-2: {&quot;id&quot;:&quot;0.12927036226922772-4&quot;}] Result: isElementDisplayed:false
[WebDriverCommandLogger] - Executing findElements parameters: {&quot;using&quot;:&quot;xpath&quot;,&quot;value&quot;:&quot;//span[text()=&apos;Flipkart Assured&apos;]&quot;}
[WebDriverCommandLogger] - command: findElements[ param-1: {value=//span[text()=&apos;Flipkart Assured&apos;], using=xpath}] Result: [id: 0.12927036226922772-4]
[WebDriverCommandLogger] - Executing findElement parameters: {&quot;using&quot;:&quot;xpath&quot;,&quot;value&quot;:&quot;//span[text()=&apos;Flipkart Assured&apos;]&quot;}
[WebDriverCommandLogger] - command: findElement[ param-1: {value=//span[text()=&apos;Flipkart Assured&apos;], using=xpath}] Result: id: 0.12927036226922772-4
[WebDriverCommandLogger] - Executing isElementDisplayed element: By.xpath: //span[text()=&apos;Flipkart Assured&apos;] parameters: {&quot;id&quot;:&quot;0.12927036226922772-4&quot;}
[WebDriverCommandLogger] - command: isElementDisplayed[ param-1: By.xpath: //span[text()=&apos;Flipkart Assured&apos;] param-2: {&quot;id&quot;:&quot;0.12927036226922772-4&quot;}] Result: isElementDisplayed:false
[WebDriverCommandLogger] - Executing findElements parameters: {&quot;using&quot;:&quot;xpath&quot;,&quot;value&quot;:&quot;//span[text()=&apos;Flipkart Assured&apos;]&quot;}
[WebDriverCommandLogger] - command: findElements[ param-1: {value=//span[text()=&apos;Flipkart Assured&apos;], using=xpath}] Result: [id: 0.12927036226922772-4]
[WebDriverCommandLogger] - Executing findElement parameters: {&quot;using&quot;:&quot;xpath&quot;,&quot;value&quot;:&quot;//span[text()=&apos;Flipkart Assured&apos;]&quot;}
[WebDriverCommandLogger] - command: findElement[ param-1: {value=//span[text()=&apos;Flipkart Assured&apos;], using=xpath}] Result: id: 0.12927036226922772-4
[WebDriverCommandLogger] - Executing isElementDisplayed element: By.xpath: //span[text()=&apos;Flipkart Assured&apos;] parameters: {&quot;id&quot;:&quot;0.12927036226922772-4&quot;}
[WebDriverCommandLogger] - command: isElementDisplayed[ param-1: By.xpath: //span[text()=&apos;Flipkart Assured&apos;] param-2: {&quot;id&quot;:&quot;0.12927036226922772-4&quot;}] Result: isElementDisplayed:false
[WebDriverCommandLogger] - Executing findElements parameters: {&quot;using&quot;:&quot;xpath&quot;,&quot;value&quot;:&quot;//span[text()=&apos;Flipkart Assured&apos;]&quot;}
[WebDriverCommandLogger] - command: findElements[ param-1: {value=//span[text()=&apos;Flipkart Assured&apos;], using=xpath}] Result: [id: 0.12927036226922772-4]
[WebDriverCommandLogger] - Executing findElement parameters: {&quot;using&quot;:&quot;xpath&quot;,&quot;value&quot;:&quot;//span[text()=&apos;Flipkart Assured&apos;]&quot;}
[WebDriverCommandLogger] - command: findElement[ param-1: {value=//span[text()=&apos;Flipkart Assured&apos;], using=xpath}] Result: id: 0.12927036226922772-4
[WebDriverCommandLogger] - Executing isElementDisplayed element: By.xpath: //span[text()=&apos;Flipkart Assured&apos;] parameters: {&quot;id&quot;:&quot;0.12927036226922772-4&quot;}
[WebDriverCommandLogger] - command: isElementDisplayed[ param-1: By.xpath: //span[text()=&apos;Flipkart Assured&apos;] param-2: {&quot;id&quot;:&quot;0.12927036226922772-4&quot;}] Result: isElementDisplayed:false
[WebDriverCommandLogger] - Executing findElements parameters: {&quot;using&quot;:&quot;xpath&quot;,&quot;value&quot;:&quot;//span[text()=&apos;Flipkart Assured&apos;]&quot;}
[WebDriverCommandLogger] - command: findElements[ param-1: {value=//span[text()=&apos;Flipkart Assured&apos;], using=xpath}] Result: [id: 0.12927036226922772-4]
[WebDriverCommandLogger] - Executing findElement parameters: {&quot;using&quot;:&quot;xpath&quot;,&quot;value&quot;:&quot;//span[text()=&apos;Flipkart Assured&apos;]&quot;}
[WebDriverCommandLogger] - command: findElement[ param-1: {value=//span[text()=&apos;Flipkart Assured&apos;], using=xpath}] Result: id: 0.12927036226922772-4
[WebDriverCommandLogger] - Executing isElementDisplayed element: By.xpath: //span[text()=&apos;Flipkart Assured&apos;] parameters: {&quot;id&quot;:&quot;0.12927036226922772-4&quot;}
[WebDriverCommandLogger] - command: isElementDisplayed[ param-1: By.xpath: //span[text()=&apos;Flipkart Assured&apos;] param-2: {&quot;id&quot;:&quot;0.12927036226922772-4&quot;}] Result: isElementDisplayed:false
[WebDriverCommandLogger] - Executing findElements parameters: {&quot;using&quot;:&quot;xpath&quot;,&quot;value&quot;:&quot;//span[text()=&apos;Flipkart Assured&apos;]&quot;}
[WebDriverCommandLogger] - command: findElements[ param-1: {value=//span[text()=&apos;Flipkart Assured&apos;], using=xpath}] Result: [id: 0.12927036226922772-4]
[WebDriverCommandLogger] - Executing findElement parameters: {&quot;using&quot;:&quot;xpath&quot;,&quot;value&quot;:&quot;//span[text()=&apos;Flipkart Assured&apos;]&quot;}
[WebDriverCommandLogger] - command: findElement[ param-1: {value=//span[text()=&apos;Flipkart Assured&apos;], using=xpath}] Result: id: 0.12927036226922772-4
[WebDriverCommandLogger] - Executing isElementDisplayed element: By.xpath: //span[text()=&apos;Flipkart Assured&apos;] parameters: {&quot;id&quot;:&quot;0.12927036226922772-4&quot;}
[WebDriverCommandLogger] - command: isElementDisplayed[ param-1: By.xpath: //span[text()=&apos;Flipkart Assured&apos;] param-2: {&quot;id&quot;:&quot;0.12927036226922772-4&quot;}] Result: isElementDisplayed:false
[QAFInvokedMethodListener2] - org.openqa.selenium.TimeoutException: Timed out after 30 seconds: Wait time out for flipcard assured to be visible
Build info: version: &apos;2.53.0&apos;, revision: &apos;35ae25b1534ae328c771e0856c93e187490ca824&apos;, time: &apos;2016-03-15 10:43:46&apos;
System info: host: &apos;ICPL11467&apos;, ip: &apos;10.11.31.193&apos;, os.name: &apos;Windows 10&apos;, os.arch: &apos;amd64&apos;, os.version: &apos;10.0&apos;, java.version: &apos;1.8.0_151&apos;
Driver info: driver.version: unknown
[WebDriverCommandLogger] - Executing screenshot parameters: {}
[QAFTestBase] - Capturing screen shotorderSteps_1iigs5swhlsfx10211.png
</system-out>
    <system-err>log4j:WARN No such property [follow] in org.apache.log4j.FileAppender.
Starting ChromeDriver 2.33.506120 (e3e53437346286c0bc2d2dc9aa4915ba81d9023f) on port 32816
Only local connections are allowed.
</system-err>
  </testcase>
</testsuite>