<?xml version="1.0" encoding="UTF-8"?>
<!-- Generated by org.testng.reporters.JUnitReportReporter -->
<testsuite name="com.ajita_flipkart.steps.Assignment1" tests="1" time="0.145" ignored="0" failures="0" timestamp="28 Dec 2017 11:18:52 GMT" skipped="1" hostname="ICPL11467" errors="0">
  <testcase name="productOrderSteps" time="0.145" classname="com.ajita_flipkart.steps.Assignment1">
    <skipped/>
  </testcase> <!-- productOrderSteps -->
</testsuite> <!-- com.ajita_flipkart.steps.Assignment1 -->
