<?xml version="1.0" encoding="UTF-8"?>
<!-- Generated by org.testng.reporters.JUnitReportReporter -->
<testsuite name="com.qmetry.qaf.automation.step.client.Scenario" tests="1" time="16.446" ignored="0" failures="0" timestamp="01 Jan 2018 09:11:36 GMT" skipped="0" hostname="ICPL11467" errors="0">
  <testcase name="SampleTest" time="16.446" classname="com.qmetry.qaf.automation.step.client.Scenario"/>
</testsuite> <!-- com.qmetry.qaf.automation.step.client.Scenario -->
