<?xml version="1.0" encoding="UTF-8"?>
<!-- Generated by org.testng.reporters.JUnitReportReporter -->
<testsuite name="com.ajita_flipkart.steps.OrderSteps" tests="1" time="22.567" ignored="0" failures="0" timestamp="29 Dec 2017 12:58:52 GMT" skipped="0" hostname="ICPL11467" errors="0">
  <testcase name="orderSteps" time="22.567" classname="com.ajita_flipkart.steps.OrderSteps"/>
</testsuite> <!-- com.ajita_flipkart.steps.OrderSteps -->
