<?xml version="1.0" encoding="UTF-8"?>
<!-- Generated by org.testng.reporters.JUnitReportReporter -->
<testsuite name="com.qmetry.qaf.automation.step.client.Scenario" tests="1" time="0.005" ignored="0" failures="0" timestamp="29 Dec 2017 12:30:13 GMT" skipped="0" hostname="ICPL11467" errors="0">
  <testcase name="SampleTest" time="0.005" classname="com.qmetry.qaf.automation.step.client.Scenario"/>
</testsuite> <!-- com.qmetry.qaf.automation.step.client.Scenario -->
